<?xml version="1.0" encoding="UTF-8"?>
<!-- Generated by org.testng.reporters.JUnitReportReporter -->
<testsuite hostname="DESKTOP-BUC2KR9" failures="0" tests="1" name="com.testscripts.addtocart" time="33.307" errors="0" timestamp="2022-12-24T20:31:21 PST" skipped="0">
  <testcase classname="com.testscripts.addtocart" name="AddToCarttest" time="33.307"/>
  <system-out>
    <![CDATA[landed on pdt details page]]>
  </system-out>
</testsuite> <!-- com.testscripts.addtocart -->
